# JRE version: OpenJDK Runtime Environment (17.0.6) (build 17.0.6+0-b2043.56-9586694)
# Java VM: OpenJDK 64-Bit Server VM (17.0.6+0-b2043.56-9586694, mixed mode, tiered, compressed oops, compressed class ptrs, g1 gc, windows-amd64)
GC Precious Log:
 CPUs: 8 total, 8 available
 Memory: 8085M
 Large Page Support: Disabled
 NUMA Support: Disabled
 Compressed Oops: Enabled (32-bit)
 Heap Region Size: 1M
 Heap Min Capacity: 8M
 Heap Initial Capacity: 128M
 Heap Max Capacity: 2G
 Pre-touch: Disabled
 Parallel Workers: 8
 Concurrent Workers: 2
 Concurrent Refinement Workers: 8
 Periodic GC: Disabled
Heap:
 garbage-first heap   total 365568K, used 126976K [0x0000000080000000, 0x0000000100000000)
  region size 1024K, 3 young (3072K), 3 survivors (3072K)
 Metaspace       used 140161K, committed 141440K, reserved 1171456K
  class space    used 18927K, committed 19520K, reserved 1048576K
GC Heap History (20 events):
Event: 329.334 GC heap after
{Heap after GC invocations=66 (full 0):
 garbage-first heap   total 277504K, used 194278K [0x0000000080000000, 0x0000000100000000)
  region size 1024K, 2 young (2048K), 2 survivors (2048K)
 Metaspace       used 139650K, committed 140672K, reserved 1171456K
  class space    used 18851K, committed 19328K, reserved 1048576K
}
Event: 329.347 GC heap before
{Heap before GC invocations=66 (full 0):
 garbage-first heap   total 277504K, used 196326K [0x0000000080000000, 0x0000000100000000)
  region size 1024K, 3 young (3072K), 2 survivors (2048K)
 Metaspace       used 139650K, committed 140672K, reserved 1171456K
  class space    used 18851K, committed 19328K, reserved 1048576K
}
Event: 329.349 GC heap after
{Heap after GC invocations=67 (full 0):
 garbage-first heap   total 277504K, used 194276K [0x0000000080000000, 0x0000000100000000)
  region size 1024K, 2 young (2048K), 2 survivors (2048K)
 Metaspace       used 139650K, committed 140672K, reserved 1171456K
  class space    used 18851K, committed 19328K, reserved 1048576K
}
Event: 329.364 GC heap before
{Heap before GC invocations=67 (full 0):
 garbage-first heap   total 277504K, used 196324K [0x0000000080000000, 0x0000000100000000)
  region size 1024K, 3 young (3072K), 2 survivors (2048K)
 Metaspace       used 139650K, committed 140672K, reserved 1171456K
  class space    used 18851K, committed 19328K, reserved 1048576K
}
Event: 329.366 GC heap after
{Heap after GC invocations=68 (full 0):
 garbage-first heap   total 277504K, used 194277K [0x0000000080000000, 0x0000000100000000)
  region size 1024K, 2 young (2048K), 2 survivors (2048K)
 Metaspace       used 139650K, committed 140672K, reserved 1171456K
  class space    used 18851K, committed 19328K, reserved 1048576K
}
Event: 329.398 GC heap before
{Heap before GC invocations=68 (full 0):
 garbage-first heap   total 277504K, used 196325K [0x0000000080000000, 0x0000000100000000)
  region size 1024K, 3 young (3072K), 2 survivors (2048K)
 Metaspace       used 139650K, committed 140672K, reserved 1171456K
  class space    used 18851K, committed 19328K, reserved 1048576K
}
Event: 329.399 GC heap after
{Heap after GC invocations=69 (full 0):
 garbage-first heap   total 277504K, used 192221K [0x0000000080000000, 0x0000000100000000)
  region size 1024K, 2 young (2048K), 2 survivors (2048K)
 Metaspace       used 139650K, committed 140672K, reserved 1171456K
  class space    used 18851K, committed 19328K, reserved 1048576K
}
Event: 374.278 GC heap before
{Heap before GC invocations=69 (full 0):
 garbage-first heap   total 277504K, used 244445K [0x0000000080000000, 0x0000000100000000)
  region size 1024K, 53 young (54272K), 2 survivors (2048K)
 Metaspace       used 139777K, committed 140864K, reserved 1171456K
  class space    used 18852K, committed 19328K, reserved 1048576K
}
Event: 374.284 GC heap after
{Heap after GC invocations=70 (full 0):
 garbage-first heap   total 277504K, used 172644K [0x0000000080000000, 0x0000000100000000)
  region size 1024K, 7 young (7168K), 7 survivors (7168K)
 Metaspace       used 139777K, committed 140864K, reserved 1171456K
  class space    used 18852K, committed 19328K, reserved 1048576K
}
Event: 375.283 GC heap before
{Heap before GC invocations=70 (full 0):
 garbage-first heap   total 277504K, used 240228K [0x0000000080000000, 0x0000000100000000)
  region size 1024K, 72 young (73728K), 7 survivors (7168K)
 Metaspace       used 140199K, committed 141312K, reserved 1171456K
  class space    used 18876K, committed 19392K, reserved 1048576K
}
Event: 375.298 GC heap after
{Heap after GC invocations=71 (full 0):
 garbage-first heap   total 277504K, used 178828K [0x0000000080000000, 0x0000000100000000)
  region size 1024K, 5 young (5120K), 5 survivors (5120K)
 Metaspace       used 140199K, committed 141312K, reserved 1171456K
  class space    used 18876K, committed 19392K, reserved 1048576K
}
Event: 375.852 GC heap before
{Heap before GC invocations=71 (full 0):
 garbage-first heap   total 277504K, used 226956K [0x0000000080000000, 0x0000000100000000)
  region size 1024K, 46 young (47104K), 5 survivors (5120K)
 Metaspace       used 140378K, committed 141504K, reserved 1171456K
  class space    used 18878K, committed 19392K, reserved 1048576K
}
Event: 375.855 GC heap after
{Heap after GC invocations=72 (full 0):
 garbage-first heap   total 277504K, used 184000K [0x0000000080000000, 0x0000000100000000)
  region size 1024K, 4 young (4096K), 4 survivors (4096K)
 Metaspace       used 140378K, committed 141504K, reserved 1171456K
  class space    used 18878K, committed 19392K, reserved 1048576K
}
Event: 375.886 GC heap before
{Heap before GC invocations=72 (full 0):
 garbage-first heap   total 277504K, used 192192K [0x0000000080000000, 0x0000000100000000)
  region size 1024K, 5 young (5120K), 4 survivors (4096K)
 Metaspace       used 140379K, committed 141504K, reserved 1171456K
  class space    used 18878K, committed 19392K, reserved 1048576K
}
Event: 375.889 GC heap after
{Heap after GC invocations=73 (full 0):
 garbage-first heap   total 277504K, used 192044K [0x0000000080000000, 0x0000000100000000)
  region size 1024K, 4 young (4096K), 4 survivors (4096K)
 Metaspace       used 140379K, committed 141504K, reserved 1171456K
  class space    used 18878K, committed 19392K, reserved 1048576K
}
Event: 383.620 GC heap before
{Heap before GC invocations=74 (full 0):
 garbage-first heap   total 365568K, used 257580K [0x0000000080000000, 0x0000000100000000)
  region size 1024K, 44 young (45056K), 4 survivors (4096K)
 Metaspace       used 139829K, committed 140992K, reserved 1171456K
  class space    used 18839K, committed 19392K, reserved 1048576K
}
Event: 383.639 GC heap after
{Heap after GC invocations=75 (full 0):
 garbage-first heap   total 365568K, used 174169K [0x0000000080000000, 0x0000000100000000)
  region size 1024K, 6 young (6144K), 6 survivors (6144K)
 Metaspace       used 139829K, committed 140992K, reserved 1171456K
  class space    used 18839K, committed 19392K, reserved 1048576K
}
Event: 383.805 GC heap before
{Heap before GC invocations=75 (full 0):
 garbage-first heap   total 365568K, used 184409K [0x0000000080000000, 0x0000000100000000)
  region size 1024K, 17 young (17408K), 6 survivors (6144K)
 Metaspace       used 139939K, committed 141056K, reserved 1171456K
  class space    used 18865K, committed 19392K, reserved 1048576K
}
Event: 383.837 GC heap after
{Heap after GC invocations=76 (full 0):
 garbage-first heap   total 365568K, used 140674K [0x0000000080000000, 0x0000000100000000)
  region size 1024K, 2 young (2048K), 2 survivors (2048K)
 Metaspace       used 139939K, committed 141056K, reserved 1171456K
  class space    used 18865K, committed 19392K, reserved 1048576K
}
Event: 383.953 GC heap before
{Heap before GC invocations=76 (full 0):
 garbage-first heap   total 365568K, used 156034K [0x0000000080000000, 0x0000000100000000)
  region size 1024K, 17 young (17408K), 2 survivors (2048K)
 Metaspace       used 140161K, committed 141440K, reserved 1171456K
  class space    used 18927K, committed 19520K, reserved 1048576K
}

