# JRE version: OpenJDK Runtime Environment (17.0.6) (build 17.0.6+0-b2043.56-9586694)
# Java VM: OpenJDK 64-Bit Server VM (17.0.6+0-b2043.56-9586694, mixed mode, tiered, compressed oops, compressed class ptrs, g1 gc, windows-amd64)
GC Precious Log:
 CPUs: 8 total, 8 available
 Memory: 8085M
 Large Page Support: Disabled
 NUMA Support: Disabled
 Compressed Oops: Enabled (32-bit)
 Heap Region Size: 1M
 Heap Min Capacity: 8M
 Heap Initial Capacity: 128M
 Heap Max Capacity: 2G
 Pre-touch: Disabled
 Parallel Workers: 8
 Concurrent Workers: 2
 Concurrent Refinement Workers: 8
 Periodic GC: Disabled
Heap:
 garbage-first heap   total 122880K, used 82295K [0x0000000080000000, 0x0000000100000000)
  region size 1024K, 11 young (11264K), 3 survivors (3072K)
 Metaspace       used 86664K, committed 87232K, reserved 1130496K
  class space    used 11918K, committed 12160K, reserved 1048576K
GC Heap History (20 events):
Event: 8.174 GC heap before
{Heap before GC invocations=26 (full 0):
 garbage-first heap   total 100352K, used 60536K [0x0000000080000000, 0x0000000100000000)
  region size 1024K, 13 young (13312K), 3 survivors (3072K)
 Metaspace       used 66724K, committed 67264K, reserved 1114112K
  class space    used 8806K, committed 9024K, reserved 1048576K
}
Event: 8.176 GC heap after
{Heap after GC invocations=27 (full 0):
 garbage-first heap   total 100352K, used 52454K [0x0000000080000000, 0x0000000100000000)
  region size 1024K, 2 young (2048K), 2 survivors (2048K)
 Metaspace       used 66724K, committed 67264K, reserved 1114112K
  class space    used 8806K, committed 9024K, reserved 1048576K
}
Event: 8.486 GC heap before
{Heap before GC invocations=28 (full 0):
 garbage-first heap   total 100352K, used 76006K [0x0000000080000000, 0x0000000100000000)
  region size 1024K, 24 young (24576K), 2 survivors (2048K)
 Metaspace       used 67634K, committed 68224K, reserved 1114112K
  class space    used 8953K, committed 9216K, reserved 1048576K
}
Event: 8.490 GC heap after
{Heap after GC invocations=29 (full 0):
 garbage-first heap   total 100352K, used 53380K [0x0000000080000000, 0x0000000100000000)
  region size 1024K, 2 young (2048K), 2 survivors (2048K)
 Metaspace       used 67634K, committed 68224K, reserved 1114112K
  class space    used 8953K, committed 9216K, reserved 1048576K
}
Event: 8.739 GC heap before
{Heap before GC invocations=29 (full 0):
 garbage-first heap   total 100352K, used 76932K [0x0000000080000000, 0x0000000100000000)
  region size 1024K, 25 young (25600K), 2 survivors (2048K)
 Metaspace       used 68229K, committed 68800K, reserved 1114112K
  class space    used 9026K, committed 9280K, reserved 1048576K
}
Event: 8.743 GC heap after
{Heap after GC invocations=30 (full 0):
 garbage-first heap   total 100352K, used 55474K [0x0000000080000000, 0x0000000100000000)
  region size 1024K, 4 young (4096K), 4 survivors (4096K)
 Metaspace       used 68229K, committed 68800K, reserved 1114112K
  class space    used 9026K, committed 9280K, reserved 1048576K
}
Event: 9.286 GC heap before
{Heap before GC invocations=31 (full 0):
 garbage-first heap   total 100352K, used 78002K [0x0000000080000000, 0x0000000100000000)
  region size 1024K, 27 young (27648K), 4 survivors (4096K)
 Metaspace       used 71205K, committed 71744K, reserved 1114112K
  class space    used 9612K, committed 9856K, reserved 1048576K
}
Event: 9.293 GC heap after
{Heap after GC invocations=32 (full 0):
 garbage-first heap   total 100352K, used 56761K [0x0000000080000000, 0x0000000100000000)
  region size 1024K, 2 young (2048K), 2 survivors (2048K)
 Metaspace       used 71205K, committed 71744K, reserved 1114112K
  class space    used 9612K, committed 9856K, reserved 1048576K
}
Event: 9.860 GC heap before
{Heap before GC invocations=32 (full 0):
 garbage-first heap   total 100352K, used 79289K [0x0000000080000000, 0x0000000100000000)
  region size 1024K, 24 young (24576K), 2 survivors (2048K)
 Metaspace       used 73615K, committed 74176K, reserved 1114112K
  class space    used 9988K, committed 10240K, reserved 1048576K
}
Event: 9.863 GC heap after
{Heap after GC invocations=33 (full 0):
 garbage-first heap   total 100352K, used 58201K [0x0000000080000000, 0x0000000100000000)
  region size 1024K, 3 young (3072K), 3 survivors (3072K)
 Metaspace       used 73615K, committed 74176K, reserved 1114112K
  class space    used 9988K, committed 10240K, reserved 1048576K
}
Event: 10.572 GC heap before
{Heap before GC invocations=34 (full 0):
 garbage-first heap   total 102400K, used 79705K [0x0000000080000000, 0x0000000100000000)
  region size 1024K, 25 young (25600K), 3 survivors (3072K)
 Metaspace       used 75681K, committed 76288K, reserved 1122304K
  class space    used 10287K, committed 10560K, reserved 1048576K
}
Event: 10.576 GC heap after
{Heap after GC invocations=35 (full 0):
 garbage-first heap   total 102400K, used 60325K [0x0000000080000000, 0x0000000100000000)
  region size 1024K, 4 young (4096K), 4 survivors (4096K)
 Metaspace       used 75681K, committed 76288K, reserved 1122304K
  class space    used 10287K, committed 10560K, reserved 1048576K
}
Event: 11.446 GC heap before
{Heap before GC invocations=35 (full 0):
 garbage-first heap   total 102400K, used 82853K [0x0000000080000000, 0x0000000100000000)
  region size 1024K, 26 young (26624K), 4 survivors (4096K)
 Metaspace       used 78372K, committed 78912K, reserved 1122304K
  class space    used 10728K, committed 10944K, reserved 1048576K
}
Event: 11.450 GC heap after
{Heap after GC invocations=36 (full 0):
 garbage-first heap   total 122880K, used 61607K [0x0000000080000000, 0x0000000100000000)
  region size 1024K, 4 young (4096K), 4 survivors (4096K)
 Metaspace       used 78372K, committed 78912K, reserved 1122304K
  class space    used 10728K, committed 10944K, reserved 1048576K
}
Event: 15.604 GC heap before
{Heap before GC invocations=37 (full 0):
 garbage-first heap   total 122880K, used 97447K [0x0000000080000000, 0x0000000100000000)
  region size 1024K, 39 young (39936K), 4 survivors (4096K)
 Metaspace       used 81700K, committed 82240K, reserved 1122304K
  class space    used 11158K, committed 11392K, reserved 1048576K
}
Event: 15.610 GC heap after
{Heap after GC invocations=38 (full 0):
 garbage-first heap   total 122880K, used 65333K [0x0000000080000000, 0x0000000100000000)
  region size 1024K, 5 young (5120K), 5 survivors (5120K)
 Metaspace       used 81700K, committed 82240K, reserved 1122304K
  class space    used 11158K, committed 11392K, reserved 1048576K
}
Event: 15.670 GC heap before
{Heap before GC invocations=38 (full 0):
 garbage-first heap   total 122880K, used 66357K [0x0000000080000000, 0x0000000100000000)
  region size 1024K, 6 young (6144K), 5 survivors (5120K)
 Metaspace       used 81742K, committed 82240K, reserved 1122304K
  class space    used 11162K, committed 11392K, reserved 1048576K
}
Event: 15.676 GC heap after
{Heap after GC invocations=39 (full 0):
 garbage-first heap   total 122880K, used 65824K [0x0000000080000000, 0x0000000100000000)
  region size 1024K, 1 young (1024K), 1 survivors (1024K)
 Metaspace       used 81742K, committed 82240K, reserved 1122304K
  class space    used 11162K, committed 11392K, reserved 1048576K
}
Event: 16.107 GC heap before
{Heap before GC invocations=39 (full 0):
 garbage-first heap   total 122880K, used 99616K [0x0000000080000000, 0x0000000100000000)
  region size 1024K, 34 young (34816K), 1 survivors (1024K)
 Metaspace       used 81907K, committed 82496K, reserved 1122304K
  class space    used 11188K, committed 11456K, reserved 1048576K
}
Event: 16.112 GC heap after
{Heap after GC invocations=40 (full 0):
 garbage-first heap   total 122880K, used 71282K [0x0000000080000000, 0x0000000100000000)
  region size 1024K, 5 young (5120K), 5 survivors (5120K)
 Metaspace       used 81907K, committed 82496K, reserved 1122304K
  class space    used 11188K, committed 11456K, reserved 1048576K
}

