# JRE version: OpenJDK Runtime Environment (17.0.6) (build 17.0.6+0-b2043.56-9586694)
# Java VM: OpenJDK 64-Bit Server VM (17.0.6+0-b2043.56-9586694, mixed mode, tiered, compressed oops, compressed class ptrs, g1 gc, windows-amd64)
GC Precious Log:
 CPUs: 8 total, 8 available
 Memory: 8085M
 Large Page Support: Disabled
 NUMA Support: Disabled
 Compressed Oops: Enabled (32-bit)
 Heap Region Size: 1M
 Heap Min Capacity: 8M
 Heap Initial Capacity: 128M
 Heap Max Capacity: 2G
 Pre-touch: Disabled
 Parallel Workers: 8
 Concurrent Workers: 2
 Concurrent Refinement Workers: 8
 Periodic GC: Disabled
Heap:
 garbage-first heap   total 322560K, used 145861K [0x0000000080000000, 0x0000000100000000)
  region size 1024K, 7 young (7168K), 7 survivors (7168K)
 Metaspace       used 124164K, committed 125504K, reserved 1163264K
  class space    used 16889K, committed 17472K, reserved 1048576K
GC Heap History (20 events):
Event: 208.988 GC heap after
{Heap after GC invocations=68 (full 0):
 garbage-first heap   total 304128K, used 142336K [0x0000000080000000, 0x0000000100000000)
  region size 1024K, 2 young (2048K), 2 survivors (2048K)
 Metaspace       used 120875K, committed 121856K, reserved 1155072K
  class space    used 16585K, committed 17024K, reserved 1048576K
}
Event: 209.853 GC heap before
{Heap before GC invocations=68 (full 0):
 garbage-first heap   total 304128K, used 214016K [0x0000000080000000, 0x0000000100000000)
  region size 1024K, 74 young (75776K), 2 survivors (2048K)
 Metaspace       used 121533K, committed 122496K, reserved 1155072K
  class space    used 16615K, committed 17024K, reserved 1048576K
}
Event: 209.862 GC heap after
{Heap after GC invocations=69 (full 0):
 garbage-first heap   total 304128K, used 149630K [0x0000000080000000, 0x0000000100000000)
  region size 1024K, 10 young (10240K), 10 survivors (10240K)
 Metaspace       used 121533K, committed 122496K, reserved 1155072K
  class space    used 16615K, committed 17024K, reserved 1048576K
}
Event: 302.779 GC heap before
{Heap before GC invocations=70 (full 0):
 garbage-first heap   total 304128K, used 277630K [0x0000000080000000, 0x0000000100000000)
  region size 1024K, 96 young (98304K), 10 survivors (10240K)
 Metaspace       used 121700K, committed 122688K, reserved 1155072K
  class space    used 16608K, committed 17024K, reserved 1048576K
}
Event: 302.803 GC heap after
{Heap after GC invocations=71 (full 0):
 garbage-first heap   total 304128K, used 159319K [0x0000000080000000, 0x0000000100000000)
  region size 1024K, 13 young (13312K), 13 survivors (13312K)
 Metaspace       used 121700K, committed 122688K, reserved 1155072K
  class space    used 16608K, committed 17024K, reserved 1048576K
}
Event: 302.811 GC heap before
{Heap before GC invocations=71 (full 0):
 garbage-first heap   total 304128K, used 160343K [0x0000000080000000, 0x0000000100000000)
  region size 1024K, 14 young (14336K), 13 survivors (13312K)
 Metaspace       used 121700K, committed 122688K, reserved 1155072K
  class space    used 16608K, committed 17024K, reserved 1048576K
}
Event: 302.852 GC heap after
{Heap after GC invocations=72 (full 0):
 garbage-first heap   total 304128K, used 139962K [0x0000000080000000, 0x0000000100000000)
  region size 1024K, 2 young (2048K), 2 survivors (2048K)
 Metaspace       used 121700K, committed 122688K, reserved 1155072K
  class space    used 16608K, committed 17024K, reserved 1048576K
}
Event: 304.121 GC heap before
{Heap before GC invocations=72 (full 0):
 garbage-first heap   total 304128K, used 205498K [0x0000000080000000, 0x0000000100000000)
  region size 1024K, 68 young (69632K), 2 survivors (2048K)
 Metaspace       used 122812K, committed 123776K, reserved 1163264K
  class space    used 16716K, committed 17152K, reserved 1048576K
}
Event: 304.131 GC heap after
{Heap after GC invocations=73 (full 0):
 garbage-first heap   total 304128K, used 145883K [0x0000000080000000, 0x0000000100000000)
  region size 1024K, 8 young (8192K), 8 survivors (8192K)
 Metaspace       used 122812K, committed 123776K, reserved 1163264K
  class space    used 16716K, committed 17152K, reserved 1048576K
}
Event: 389.878 GC heap before
{Heap before GC invocations=74 (full 0):
 garbage-first heap   total 304128K, used 276955K [0x0000000080000000, 0x0000000100000000)
  region size 1024K, 92 young (94208K), 8 survivors (8192K)
 Metaspace       used 122733K, committed 123776K, reserved 1163264K
  class space    used 16690K, committed 17152K, reserved 1048576K
}
Event: 389.895 GC heap after
{Heap after GC invocations=75 (full 0):
 garbage-first heap   total 304128K, used 160758K [0x0000000080000000, 0x0000000100000000)
  region size 1024K, 13 young (13312K), 13 survivors (13312K)
 Metaspace       used 122733K, committed 123776K, reserved 1163264K
  class space    used 16690K, committed 17152K, reserved 1048576K
}
Event: 389.899 GC heap before
{Heap before GC invocations=75 (full 0):
 garbage-first heap   total 304128K, used 161782K [0x0000000080000000, 0x0000000100000000)
  region size 1024K, 14 young (14336K), 13 survivors (13312K)
 Metaspace       used 122733K, committed 123776K, reserved 1163264K
  class space    used 16690K, committed 17152K, reserved 1048576K
}
Event: 389.922 GC heap after
{Heap after GC invocations=76 (full 0):
 garbage-first heap   total 304128K, used 139716K [0x0000000080000000, 0x0000000100000000)
  region size 1024K, 1 young (1024K), 1 survivors (1024K)
 Metaspace       used 122733K, committed 123776K, reserved 1163264K
  class space    used 16690K, committed 17152K, reserved 1048576K
}
Event: 390.639 GC heap before
{Heap before GC invocations=76 (full 0):
 garbage-first heap   total 304128K, used 196036K [0x0000000080000000, 0x0000000100000000)
  region size 1024K, 58 young (59392K), 1 survivors (1024K)
 Metaspace       used 123172K, committed 124160K, reserved 1163264K
  class space    used 16717K, committed 17152K, reserved 1048576K
}
Event: 390.646 GC heap after
{Heap after GC invocations=77 (full 0):
 garbage-first heap   total 304128K, used 145501K [0x0000000080000000, 0x0000000100000000)
  region size 1024K, 7 young (7168K), 7 survivors (7168K)
 Metaspace       used 123172K, committed 124160K, reserved 1163264K
  class space    used 16717K, committed 17152K, reserved 1048576K
}
Event: 447.879 GC heap before
{Heap before GC invocations=78 (full 0):
 garbage-first heap   total 322560K, used 277597K [0x0000000080000000, 0x0000000100000000)
  region size 1024K, 91 young (93184K), 7 survivors (7168K)
 Metaspace       used 123530K, committed 124672K, reserved 1163264K
  class space    used 16808K, committed 17344K, reserved 1048576K
}
Event: 447.892 GC heap after
{Heap after GC invocations=79 (full 0):
 garbage-first heap   total 322560K, used 160258K [0x0000000080000000, 0x0000000100000000)
  region size 1024K, 12 young (12288K), 12 survivors (12288K)
 Metaspace       used 123530K, committed 124672K, reserved 1163264K
  class space    used 16808K, committed 17344K, reserved 1048576K
}
Event: 447.908 GC heap before
{Heap before GC invocations=79 (full 0):
 garbage-first heap   total 322560K, used 163330K [0x0000000080000000, 0x0000000100000000)
  region size 1024K, 15 young (15360K), 12 survivors (12288K)
 Metaspace       used 123530K, committed 124672K, reserved 1163264K
  class space    used 16808K, committed 17344K, reserved 1048576K
}
Event: 447.925 GC heap after
{Heap after GC invocations=80 (full 0):
 garbage-first heap   total 322560K, used 141039K [0x0000000080000000, 0x0000000100000000)
  region size 1024K, 2 young (2048K), 2 survivors (2048K)
 Metaspace       used 123530K, committed 124672K, reserved 1163264K
  class space    used 16808K, committed 17344K, reserved 1048576K
}
Event: 448.299 GC heap before
{Heap before GC invocations=80 (full 0):
 garbage-first heap   total 322560K, used 196335K [0x0000000080000000, 0x0000000100000000)
  region size 1024K, 57 young (58368K), 2 survivors (2048K)
 Metaspace       used 124164K, committed 125504K, reserved 1163264K
  class space    used 16889K, committed 17472K, reserved 1048576K
}

