# JRE version: OpenJDK Runtime Environment (17.0.6) (build 17.0.6+0-b2043.56-9586694)
# Java VM: OpenJDK 64-Bit Server VM (17.0.6+0-b2043.56-9586694, mixed mode, tiered, compressed oops, compressed class ptrs, g1 gc, windows-amd64)
GC Precious Log:
 CPUs: 8 total, 8 available
 Memory: 8085M
 Large Page Support: Disabled
 NUMA Support: Disabled
 Compressed Oops: Enabled (32-bit)
 Heap Region Size: 1M
 Heap Min Capacity: 8M
 Heap Initial Capacity: 128M
 Heap Max Capacity: 2G
 Pre-touch: Disabled
 Parallel Workers: 8
 Concurrent Workers: 2
 Concurrent Refinement Workers: 8
 Periodic GC: Disabled
Heap:
 garbage-first heap   total 360448K, used 141067K [0x0000000080000000, 0x0000000100000000)
  region size 1024K, 3 young (3072K), 3 survivors (3072K)
 Metaspace       used 123995K, committed 124864K, reserved 1163264K
  class space    used 17080K, committed 17472K, reserved 1048576K
GC Heap History (20 events):
Event: 70.663 GC heap after
{Heap after GC invocations=37 (full 0):
 garbage-first heap   total 176128K, used 107383K [0x0000000080000000, 0x0000000100000000)
  region size 1024K, 5 young (5120K), 5 survivors (5120K)
 Metaspace       used 95112K, committed 95872K, reserved 1138688K
  class space    used 12862K, committed 13248K, reserved 1048576K
}
Event: 70.751 GC heap before
{Heap before GC invocations=37 (full 0):
 garbage-first heap   total 176128K, used 110455K [0x0000000080000000, 0x0000000100000000)
  region size 1024K, 8 young (8192K), 5 survivors (5120K)
 Metaspace       used 95116K, committed 95872K, reserved 1138688K
  class space    used 12862K, committed 13248K, reserved 1048576K
}
Event: 70.761 GC heap after
{Heap after GC invocations=38 (full 0):
 garbage-first heap   total 360448K, used 105327K [0x0000000080000000, 0x0000000100000000)
  region size 1024K, 1 young (1024K), 1 survivors (1024K)
 Metaspace       used 95116K, committed 95872K, reserved 1138688K
  class space    used 12862K, committed 13248K, reserved 1048576K
}
Event: 73.798 GC heap before
{Heap before GC invocations=38 (full 0):
 garbage-first heap   total 360448K, used 271215K [0x0000000080000000, 0x0000000100000000)
  region size 1024K, 164 young (167936K), 1 survivors (1024K)
 Metaspace       used 117102K, committed 117824K, reserved 1155072K
  class space    used 16418K, committed 16768K, reserved 1048576K
}
Event: 73.810 GC heap after
{Heap after GC invocations=39 (full 0):
 garbage-first heap   total 360448K, used 117649K [0x0000000080000000, 0x0000000100000000)
  region size 1024K, 14 young (14336K), 14 survivors (14336K)
 Metaspace       used 117102K, committed 117824K, reserved 1155072K
  class space    used 16418K, committed 16768K, reserved 1048576K
}
Event: 74.460 GC heap before
{Heap before GC invocations=39 (full 0):
 garbage-first heap   total 360448K, used 148369K [0x0000000080000000, 0x0000000100000000)
  region size 1024K, 46 young (47104K), 14 survivors (14336K)
 Metaspace       used 120390K, committed 121216K, reserved 1155072K
  class space    used 16870K, committed 17216K, reserved 1048576K
}
Event: 74.469 GC heap after
{Heap after GC invocations=40 (full 0):
 garbage-first heap   total 360448K, used 121443K [0x0000000080000000, 0x0000000100000000)
  region size 1024K, 4 young (4096K), 4 survivors (4096K)
 Metaspace       used 120390K, committed 121216K, reserved 1155072K
  class space    used 16870K, committed 17216K, reserved 1048576K
}
Event: 2896.850 GC heap before
{Heap before GC invocations=41 (full 0):
 garbage-first heap   total 360448K, used 316003K [0x0000000080000000, 0x0000000100000000)
  region size 1024K, 148 young (151552K), 4 survivors (4096K)
 Metaspace       used 121471K, committed 122304K, reserved 1155072K
  class space    used 16931K, committed 17344K, reserved 1048576K
}
Event: 2896.885 GC heap after
{Heap after GC invocations=42 (full 0):
 garbage-first heap   total 360448K, used 136732K [0x0000000080000000, 0x0000000100000000)
  region size 1024K, 17 young (17408K), 17 survivors (17408K)
 Metaspace       used 121471K, committed 122304K, reserved 1155072K
  class space    used 16931K, committed 17344K, reserved 1048576K
}
Event: 2896.907 GC heap before
{Heap before GC invocations=42 (full 0):
 garbage-first heap   total 360448K, used 137756K [0x0000000080000000, 0x0000000100000000)
  region size 1024K, 18 young (18432K), 17 survivors (17408K)
 Metaspace       used 121473K, committed 122304K, reserved 1155072K
  class space    used 16931K, committed 17344K, reserved 1048576K
}
Event: 2896.936 GC heap after
{Heap after GC invocations=43 (full 0):
 garbage-first heap   total 360448K, used 135274K [0x0000000080000000, 0x0000000100000000)
  region size 1024K, 2 young (2048K), 2 survivors (2048K)
 Metaspace       used 121473K, committed 122304K, reserved 1155072K
  class space    used 16931K, committed 17344K, reserved 1048576K
}
Event: 2899.299 GC heap before
{Heap before GC invocations=43 (full 0):
 garbage-first heap   total 360448K, used 199786K [0x0000000080000000, 0x0000000100000000)
  region size 1024K, 67 young (68608K), 2 survivors (2048K)
 Metaspace       used 122368K, committed 123264K, reserved 1163264K
  class space    used 16970K, committed 17408K, reserved 1048576K
}
Event: 2899.306 GC heap after
{Heap after GC invocations=44 (full 0):
 garbage-first heap   total 360448K, used 141486K [0x0000000080000000, 0x0000000100000000)
  region size 1024K, 8 young (8192K), 8 survivors (8192K)
 Metaspace       used 122368K, committed 123264K, reserved 1163264K
  class space    used 16970K, committed 17408K, reserved 1048576K
}
Event: 2960.917 GC heap before
{Heap before GC invocations=45 (full 0):
 garbage-first heap   total 360448K, used 320686K [0x0000000080000000, 0x0000000100000000)
  region size 1024K, 137 young (140288K), 8 survivors (8192K)
 Metaspace       used 122685K, committed 123648K, reserved 1163264K
  class space    used 16955K, committed 17408K, reserved 1048576K
}
Event: 2960.938 GC heap after
{Heap after GC invocations=46 (full 0):
 garbage-first heap   total 360448K, used 163840K [0x0000000080000000, 0x0000000100000000)
  region size 1024K, 18 young (18432K), 18 survivors (18432K)
 Metaspace       used 122685K, committed 123648K, reserved 1163264K
  class space    used 16955K, committed 17408K, reserved 1048576K
}
Event: 2960.978 GC heap before
{Heap before GC invocations=46 (full 0):
 garbage-first heap   total 360448K, used 164864K [0x0000000080000000, 0x0000000100000000)
  region size 1024K, 19 young (19456K), 18 survivors (18432K)
 Metaspace       used 122754K, committed 123712K, reserved 1163264K
  class space    used 16959K, committed 17408K, reserved 1048576K
}
Event: 2960.997 GC heap after
{Heap after GC invocations=47 (full 0):
 garbage-first heap   total 360448K, used 142992K [0x0000000080000000, 0x0000000100000000)
  region size 1024K, 3 young (3072K), 3 survivors (3072K)
 Metaspace       used 122754K, committed 123712K, reserved 1163264K
  class space    used 16959K, committed 17408K, reserved 1048576K
}
Event: 2961.160 GC heap before
{Heap before GC invocations=47 (full 0):
 garbage-first heap   total 360448K, used 156304K [0x0000000080000000, 0x0000000100000000)
  region size 1024K, 17 young (17408K), 3 survivors (3072K)
 Metaspace       used 122829K, committed 123712K, reserved 1163264K
  class space    used 16965K, committed 17408K, reserved 1048576K
}
Event: 2961.169 GC heap after
{Heap after GC invocations=48 (full 0):
 garbage-first heap   total 360448K, used 140532K [0x0000000080000000, 0x0000000100000000)
  region size 1024K, 2 young (2048K), 2 survivors (2048K)
 Metaspace       used 122829K, committed 123712K, reserved 1163264K
  class space    used 16965K, committed 17408K, reserved 1048576K
}
Event: 2961.768 GC heap before
{Heap before GC invocations=48 (full 0):
 garbage-first heap   total 360448K, used 200948K [0x0000000080000000, 0x0000000100000000)
  region size 1024K, 63 young (64512K), 2 survivors (2048K)
 Metaspace       used 123995K, committed 124864K, reserved 1163264K
  class space    used 17080K, committed 17472K, reserved 1048576K
}

